<?xml version="1.0" encoding="UTF-8"?>
<!-- Generated by org.testng.reporters.JUnitReportReporter -->
<testsuite skipped="1" hostname="Deepaks-MBP" name="browserStackSetup.BrowserStackSetup" tests="2" failures="0" timestamp="2021-08-03T20:15:31 NZST" time="1.719" errors="1">
  <testcase name="setup" time="1.719" classname="browserStackSetup.BrowserStackSetup">
    <error type="org.openqa.selenium.SessionNotCreatedException" message="session not created: This version of ChromeDriver only supports Chrome version 90
Current browser version is 92.0.4515.131 with binary path /Applications/Google Chrome.app/Contents/MacOS/Google Chrome
Build info: version: &#039;3.141.59&#039;, revision: &#039;e82be7d358&#039;, time: &#039;2018-11-14T08:25:48&#039;
System info: host: &#039;Deepaks-MBP&#039;, ip: &#039;fe80:0:0:0:810:3703:301f:7149%en0&#039;, os.name: &#039;Mac OS X&#039;, os.arch: &#039;x86_64&#039;, os.version: &#039;10.16&#039;, java.version: &#039;1.8.0_291&#039;
Driver info: driver.version: ChromeDriver
remote stacktrace: 0   chromedriver                        0x000000010b564cc9 chromedriver + 2718921
1   chromedriver                        0x000000010bc21143 chromedriver + 9781571
2   chromedriver                        0x000000010b2f6218 chromedriver + 168472
3   chromedriver                        0x000000010b31bd59 chromedriver + 322905
4   chromedriver                        0x000000010b3179bc chromedriver + 305596
5   chromedriver                        0x000000010b313fd1 chromedriver + 290769
6   chromedriver                        0x000000010b34bfb2 chromedriver + 520114
7   chromedriver                        0x000000010b346ed3 chromedriver + 499411
8   chromedriver                        0x000000010b31dd9f chromedriver + 331167
9   chromedriver                        0x000000010b31f03d chromedriver + 335933
10  chromedriver                        0x000000010b52f5f9 chromedriver + 2500089
11  chromedriver                        0x000000010b53d8a5 chromedriver + 2558117
12  chromedriver                        0x000000010b53e80f chromedriver + 2562063
13  chromedriver                        0x000000010b513741 chromedriver + 2385729
14  chromedriver                        0x000000010b53ed1f chromedriver + 2563359
15  chromedriver                        0x000000010b524c3c chromedriver + 2456636
16  chromedriver                        0x000000010b558398 chromedriver + 2667416
17  chromedriver                        0x000000010b55855a chromedriver + 2667866
18  chromedriver                        0x000000010b569d18 chromedriver + 2739480
19  libsystem_pthread.dylib             0x00007fff203228fc _pthread_start + 224
20  libsystem_pthread.dylib             0x00007fff2031e443 thread_start + 15
">
      <![CDATA[org.openqa.selenium.SessionNotCreatedException: session not created: This version of ChromeDriver only supports Chrome version 90
Current browser version is 92.0.4515.131 with binary path /Applications/Google Chrome.app/Contents/MacOS/Google Chrome
Build info: version: '3.141.59', revision: 'e82be7d358', time: '2018-11-14T08:25:48'
System info: host: 'Deepaks-MBP', ip: 'fe80:0:0:0:810:3703:301f:7149%en0', os.name: 'Mac OS X', os.arch: 'x86_64', os.version: '10.16', java.version: '1.8.0_291'
Driver info: driver.version: ChromeDriver
remote stacktrace: 0   chromedriver                        0x000000010b564cc9 chromedriver + 2718921
1   chromedriver                        0x000000010bc21143 chromedriver + 9781571
2   chromedriver                        0x000000010b2f6218 chromedriver + 168472
3   chromedriver                        0x000000010b31bd59 chromedriver + 322905
4   chromedriver                        0x000000010b3179bc chromedriver + 305596
5   chromedriver                        0x000000010b313fd1 chromedriver + 290769
6   chromedriver                        0x000000010b34bfb2 chromedriver + 520114
7   chromedriver                        0x000000010b346ed3 chromedriver + 499411
8   chromedriver                        0x000000010b31dd9f chromedriver + 331167
9   chromedriver                        0x000000010b31f03d chromedriver + 335933
10  chromedriver                        0x000000010b52f5f9 chromedriver + 2500089
11  chromedriver                        0x000000010b53d8a5 chromedriver + 2558117
12  chromedriver                        0x000000010b53e80f chromedriver + 2562063
13  chromedriver                        0x000000010b513741 chromedriver + 2385729
14  chromedriver                        0x000000010b53ed1f chromedriver + 2563359
15  chromedriver                        0x000000010b524c3c chromedriver + 2456636
16  chromedriver                        0x000000010b558398 chromedriver + 2667416
17  chromedriver                        0x000000010b55855a chromedriver + 2667866
18  chromedriver                        0x000000010b569d18 chromedriver + 2739480
19  libsystem_pthread.dylib             0x00007fff203228fc _pthread_start + 224
20  libsystem_pthread.dylib             0x00007fff2031e443 thread_start + 15

at sun.reflect.NativeConstructorAccessorImpl.newInstance0(Native Method)
at sun.reflect.NativeConstructorAccessorImpl.newInstance(NativeConstructorAccessorImpl.java:62)
at sun.reflect.DelegatingConstructorAccessorImpl.newInstance(DelegatingConstructorAccessorImpl.java:45)
at java.lang.reflect.Constructor.newInstance(Constructor.java:423)
at org.openqa.selenium.remote.W3CHandshakeResponse.lambda$errorHandler$0(W3CHandshakeResponse.java:62)
at org.openqa.selenium.remote.HandshakeResponse.lambda$getResponseFunction$0(HandshakeResponse.java:30)
at org.openqa.selenium.remote.ProtocolHandshake.lambda$createSession$0(ProtocolHandshake.java:126)
at java.util.stream.ReferencePipeline$3$1.accept(ReferencePipeline.java:193)
at java.util.Spliterators$ArraySpliterator.tryAdvance(Spliterators.java:958)
at java.util.stream.ReferencePipeline.forEachWithCancel(ReferencePipeline.java:126)
at java.util.stream.AbstractPipeline.copyIntoWithCancel(AbstractPipeline.java:499)
at java.util.stream.AbstractPipeline.copyInto(AbstractPipeline.java:486)
at java.util.stream.AbstractPipeline.wrapAndCopyInto(AbstractPipeline.java:472)
at java.util.stream.FindOps$FindOp.evaluateSequential(FindOps.java:152)
at java.util.stream.AbstractPipeline.evaluate(AbstractPipeline.java:234)
at java.util.stream.ReferencePipeline.findFirst(ReferencePipeline.java:464)
at org.openqa.selenium.remote.ProtocolHandshake.createSession(ProtocolHandshake.java:128)
at org.openqa.selenium.remote.ProtocolHandshake.createSession(ProtocolHandshake.java:74)
at org.openqa.selenium.remote.HttpCommandExecutor.execute(HttpCommandExecutor.java:136)
at org.openqa.selenium.remote.service.DriverCommandExecutor.execute(DriverCommandExecutor.java:83)
at org.openqa.selenium.remote.RemoteWebDriver.execute(RemoteWebDriver.java:552)
at org.openqa.selenium.remote.RemoteWebDriver.startSession(RemoteWebDriver.java:213)
at org.openqa.selenium.remote.RemoteWebDriver.<init>(RemoteWebDriver.java:131)
at org.openqa.selenium.chrome.ChromeDriver.<init>(ChromeDriver.java:181)
at org.openqa.selenium.chrome.ChromeDriver.<init>(ChromeDriver.java:168)
at org.openqa.selenium.chrome.ChromeDriver.<init>(ChromeDriver.java:123)
at browserStackSetup.BrowserStackSetup.setup(BrowserStackSetup.java:31)
at sun.reflect.NativeMethodAccessorImpl.invoke0(Native Method)
at sun.reflect.NativeMethodAccessorImpl.invoke(NativeMethodAccessorImpl.java:62)
at sun.reflect.DelegatingMethodAccessorImpl.invoke(DelegatingMethodAccessorImpl.java:43)
at java.lang.reflect.Method.invoke(Method.java:498)
at org.testng.internal.MethodInvocationHelper.invokeMethod(MethodInvocationHelper.java:133)
at org.testng.internal.MethodInvocationHelper.invokeMethodConsideringTimeout(MethodInvocationHelper.java:62)
at org.testng.internal.ConfigInvoker.invokeConfigurationMethod(ConfigInvoker.java:385)
at org.testng.internal.ConfigInvoker.invokeConfigurations(ConfigInvoker.java:321)
at org.testng.TestRunner.invokeTestConfigurations(TestRunner.java:637)
at org.testng.TestRunner.beforeRun(TestRunner.java:627)
at org.testng.TestRunner.run(TestRunner.java:589)
at org.testng.SuiteRunner.runTest(SuiteRunner.java:377)
at org.testng.SuiteRunner.runSequentially(SuiteRunner.java:371)
at org.testng.SuiteRunner.privateRun(SuiteRunner.java:332)
at org.testng.SuiteRunner.run(SuiteRunner.java:276)
at org.testng.SuiteRunnerWorker.runSuite(SuiteRunnerWorker.java:53)
at org.testng.SuiteRunnerWorker.run(SuiteRunnerWorker.java:96)
at org.testng.TestNG.runSuitesSequentially(TestNG.java:1212)
at org.testng.TestNG.runSuitesLocally(TestNG.java:1134)
at org.testng.TestNG.runSuites(TestNG.java:1063)
at org.testng.TestNG.run(TestNG.java:1031)
at org.testng.remote.AbstractRemoteTestNG.run(AbstractRemoteTestNG.java:115)
at org.testng.remote.RemoteTestNG.initAndRun(RemoteTestNG.java:251)
at org.testng.remote.RemoteTestNG.main(RemoteTestNG.java:77)
]]>
    </error>
  </testcase> <!-- setup -->
  <system-out/>
  <testcase name="navigate_getstarted" time="0.000" classname="browserStackSetup.BrowserStackSetup">
    <skipped/>
  </testcase> <!-- navigate_getstarted -->
  <system-out/>
</testsuite> <!-- browserStackSetup.BrowserStackSetup -->
